<?xml version="1.0" encoding="UTF-8"?>
<!-- Generated by org.testng.reporters.JUnitReportReporter -->
<testsuite skipped="0" hostname="Dell-Falca-34ZLN12" name="Script.FacebookLogin" tests="1" failures="0" timestamp="2021-03-29T15:59:17 IST" time="5.681" errors="0">
  <testcase name="flip" time="5.681" classname="Script.FacebookLogin"/>
  <system-out/>
</testsuite> <!-- Script.FacebookLogin -->
